<?xml version="1.0" encoding="UTF-8"?>
<testsuite name="com.example.ApplicationTest" tests="1" skipped="0" failures="0" errors="0" timestamp="2020-02-14T13:46:36" hostname="DESKTOP-CHF5DL0" time="0.399">
  <properties/>
  <testcase name="testRoot" classname="com.example.ApplicationTest" time="0.399"/>
  <system-out><![CDATA[2020-02-14 22:46:36.978 [Test worker] INFO  ktor.test - No ktor.deployment.watch patterns specified, automatic reload is not active
]]></system-out>
  <system-err><![CDATA[]]></system-err>
</testsuite>
